# JRE version: OpenJDK Runtime Environment GraalVM CE 22.3.0 (17.0.5+8) (build 17.0.5+8-jvmci-22.3-b08)
# Java VM: OpenJDK 64-Bit Server VM GraalVM CE 22.3.0 (17.0.5+8-jvmci-22.3-b08, mixed mode, sharing, tiered, jvmci, jvmci compiler, compressed oops, compressed class ptrs, parallel gc, linux-amd64)
GC Precious Log:
 CPUs: 8 total, 1 available
 Memory: 1024M
 Large Page Support: Disabled
 NUMA Support: Disabled
 Compressed Oops: Enabled (32-bit)
 Alignments: Space 512K, Generation 512K, Heap 2M
 Heap Min Capacity: 100M
 Heap Initial Capacity: 100M
 Heap Max Capacity: 512M
 Pre-touch: Disabled
 Parallel Workers: 1
Heap:
 PSYoungGen      total 64512K, used 49664K [0x00000000f5580000, 0x00000000fa500000, 0x0000000100000000)
  eden space 49664K, 100% used [0x00000000f5580000,0x00000000f8600000,0x00000000f8600000)
  from space 14848K, 0% used [0x00000000f9680000,0x00000000f9680000,0x00000000fa500000)
  to   space 13824K, 0% used [0x00000000f8600000,0x00000000f8600000,0x00000000f9380000)
 ParOldGen       total 349696K, used 349694K [0x00000000e0000000, 0x00000000f5580000, 0x00000000f5580000)
  object space 349696K, 99% used [0x00000000e0000000,0x00000000f557f9c8,0x00000000f5580000)
 Metaspace       used 66039K, committed 67200K, reserved 1114112K
  class space    used 6204K, committed 6656K, reserved 1048576K
GC Heap History (20 events):
Event: 1603.136 GC heap before
{Heap before GC invocations=1157 (full 1035):
 PSYoungGen      total 64512K, used 49664K [0x00000000f5580000, 0x00000000fa500000, 0x0000000100000000)
  eden space 49664K, 100% used [0x00000000f5580000,0x00000000f8600000,0x00000000f8600000)
  from space 14848K, 0% used [0x00000000f9680000,0x00000000f9680000,0x00000000fa500000)
  to   space 13824K, 0% used [0x00000000f8600000,0x00000000f8600000,0x00000000f9380000)
 ParOldGen       total 349696K, used 349694K [0x00000000e0000000, 0x00000000f5580000, 0x00000000f5580000)
  object space 349696K, 99% used [0x00000000e0000000,0x00000000f557fbd0,0x00000000f5580000)
 Metaspace       used 66039K, committed 67200K, reserved 1114112K
  class space    used 6204K, committed 6656K, reserved 1048576K
}
Event: 1604.478 GC heap after
{Heap after GC invocations=1157 (full 1035):
 PSYoungGen      total 63488K, used 49664K [0x00000000f5580000, 0x00000000fa500000, 0x0000000100000000)
  eden space 49664K, 100% used [0x00000000f5580000,0x00000000f8600000,0x00000000f8600000)
  from space 13824K, 0% used [0x00000000f8600000,0x00000000f8600000,0x00000000f9380000)
  to   space 14848K, 0% used [0x00000000f9680000,0x00000000f9680000,0x00000000fa500000)
 ParOldGen       total 349696K, used 349694K [0x00000000e0000000, 0x00000000f5580000, 0x00000000f5580000)
  object space 349696K, 99% used [0x00000000e0000000,0x00000000f557fbd0,0x00000000f5580000)
 Metaspace       used 66039K, committed 67200K, reserved 1114112K
  class space    used 6204K, committed 6656K, reserved 1048576K
}
Event: 1604.481 GC heap before
{Heap before GC invocations=1158 (full 1036):
 PSYoungGen      total 63488K, used 49664K [0x00000000f5580000, 0x00000000fa500000, 0x0000000100000000)
  eden space 49664K, 100% used [0x00000000f5580000,0x00000000f8600000,0x00000000f8600000)
  from space 13824K, 0% used [0x00000000f8600000,0x00000000f8600000,0x00000000f9380000)
  to   space 14848K, 0% used [0x00000000f9680000,0x00000000f9680000,0x00000000fa500000)
 ParOldGen       total 349696K, used 349695K [0x00000000e0000000, 0x00000000f5580000, 0x00000000f5580000)
  object space 349696K, 99% used [0x00000000e0000000,0x00000000f557fff8,0x00000000f5580000)
 Metaspace       used 66039K, committed 67200K, reserved 1114112K
  class space    used 6204K, committed 6656K, reserved 1048576K
}
Event: 1605.839 GC heap after
{Heap after GC invocations=1158 (full 1036):
 PSYoungGen      total 64512K, used 49664K [0x00000000f5580000, 0x00000000fa500000, 0x0000000100000000)
  eden space 49664K, 100% used [0x00000000f5580000,0x00000000f8600000,0x00000000f8600000)
  from space 14848K, 0% used [0x00000000f9680000,0x00000000f9680000,0x00000000fa500000)
  to   space 13824K, 0% used [0x00000000f8600000,0x00000000f8600000,0x00000000f9380000)
 ParOldGen       total 349696K, used 349695K [0x00000000e0000000, 0x00000000f5580000, 0x00000000f5580000)
  object space 349696K, 99% used [0x00000000e0000000,0x00000000f557fea0,0x00000000f5580000)
 Metaspace       used 66039K, committed 67200K, reserved 1114112K
  class space    used 6204K, committed 6656K, reserved 1048576K
}
Event: 1605.839 GC heap before
{Heap before GC invocations=1159 (full 1037):
 PSYoungGen      total 64512K, used 49664K [0x00000000f5580000, 0x00000000fa500000, 0x0000000100000000)
  eden space 49664K, 100% used [0x00000000f5580000,0x00000000f8600000,0x00000000f8600000)
  from space 14848K, 0% used [0x00000000f9680000,0x00000000f9680000,0x00000000fa500000)
  to   space 13824K, 0% used [0x00000000f8600000,0x00000000f8600000,0x00000000f9380000)
 ParOldGen       total 349696K, used 349695K [0x00000000e0000000, 0x00000000f5580000, 0x00000000f5580000)
  object space 349696K, 99% used [0x00000000e0000000,0x00000000f557ffe0,0x00000000f5580000)
 Metaspace       used 66039K, committed 67200K, reserved 1114112K
  class space    used 6204K, committed 6656K, reserved 1048576K
}
Event: 1607.134 GC heap after
{Heap after GC invocations=1159 (full 1037):
 PSYoungGen      total 63488K, used 49664K [0x00000000f5580000, 0x00000000fa500000, 0x0000000100000000)
  eden space 49664K, 100% used [0x00000000f5580000,0x00000000f8600000,0x00000000f8600000)
  from space 13824K, 0% used [0x00000000f8600000,0x00000000f8600000,0x00000000f9380000)
  to   space 14848K, 0% used [0x00000000f9680000,0x00000000f9680000,0x00000000fa500000)
 ParOldGen       total 349696K, used 349695K [0x00000000e0000000, 0x00000000f5580000, 0x00000000f5580000)
  object space 349696K, 99% used [0x00000000e0000000,0x00000000f557fe88,0x00000000f5580000)
 Metaspace       used 66039K, committed 67200K, reserved 1114112K
  class space    used 6204K, committed 6656K, reserved 1048576K
}
Event: 1607.134 GC heap before
{Heap before GC invocations=1160 (full 1038):
 PSYoungGen      total 63488K, used 49664K [0x00000000f5580000, 0x00000000fa500000, 0x0000000100000000)
  eden space 49664K, 100% used [0x00000000f5580000,0x00000000f8600000,0x00000000f8600000)
  from space 13824K, 0% used [0x00000000f8600000,0x00000000f8600000,0x00000000f9380000)
  to   space 14848K, 0% used [0x00000000f9680000,0x00000000f9680000,0x00000000fa500000)
 ParOldGen       total 349696K, used 349695K [0x00000000e0000000, 0x00000000f5580000, 0x00000000f5580000)
  object space 349696K, 99% used [0x00000000e0000000,0x00000000f557ffe0,0x00000000f5580000)
 Metaspace       used 66039K, committed 67200K, reserved 1114112K
  class space    used 6204K, committed 6656K, reserved 1048576K
}
Event: 1608.443 GC heap after
{Heap after GC invocations=1160 (full 1038):
 PSYoungGen      total 64512K, used 49664K [0x00000000f5580000, 0x00000000fa500000, 0x0000000100000000)
  eden space 49664K, 100% used [0x00000000f5580000,0x00000000f8600000,0x00000000f8600000)
  from space 14848K, 0% used [0x00000000f9680000,0x00000000f9680000,0x00000000fa500000)
  to   space 13824K, 0% used [0x00000000f8600000,0x00000000f8600000,0x00000000f9380000)
 ParOldGen       total 349696K, used 349695K [0x00000000e0000000, 0x00000000f5580000, 0x00000000f5580000)
  object space 349696K, 99% used [0x00000000e0000000,0x00000000f557fef0,0x00000000f5580000)
 Metaspace       used 66039K, committed 67200K, reserved 1114112K
  class space    used 6204K, committed 6656K, reserved 1048576K
}
Event: 1608.444 GC heap before
{Heap before GC invocations=1161 (full 1039):
 PSYoungGen      total 64512K, used 49664K [0x00000000f5580000, 0x00000000fa500000, 0x0000000100000000)
  eden space 49664K, 100% used [0x00000000f5580000,0x00000000f8600000,0x00000000f8600000)
  from space 14848K, 0% used [0x00000000f9680000,0x00000000f9680000,0x00000000fa500000)
  to   space 13824K, 0% used [0x00000000f8600000,0x00000000f8600000,0x00000000f9380000)
 ParOldGen       total 349696K, used 349695K [0x00000000e0000000, 0x00000000f5580000, 0x00000000f5580000)
  object space 349696K, 99% used [0x00000000e0000000,0x00000000f557ffe0,0x00000000f5580000)
 Metaspace       used 66039K, committed 67200K, reserved 1114112K
  class space    used 6204K, committed 6656K, reserved 1048576K
}
Event: 1609.780 GC heap after
{Heap after GC invocations=1161 (full 1039):
 PSYoungGen      total 63488K, used 49664K [0x00000000f5580000, 0x00000000fa500000, 0x0000000100000000)
  eden space 49664K, 100% used [0x00000000f5580000,0x00000000f8600000,0x00000000f8600000)
  from space 13824K, 0% used [0x00000000f8600000,0x00000000f8600000,0x00000000f9380000)
  to   space 14848K, 0% used [0x00000000f9680000,0x00000000f9680000,0x00000000fa500000)
 ParOldGen       total 349696K, used 349695K [0x00000000e0000000, 0x00000000f5580000, 0x00000000f5580000)
  object space 349696K, 99% used [0x00000000e0000000,0x00000000f557ffe0,0x00000000f5580000)
 Metaspace       used 66039K, committed 67200K, reserved 1114112K
  class space    used 6204K, committed 6656K, reserved 1048576K
}
Event: 1609.780 GC heap before
{Heap before GC invocations=1162 (full 1040):
 PSYoungGen      total 63488K, used 49664K [0x00000000f5580000, 0x00000000fa500000, 0x0000000100000000)
  eden space 49664K, 100% used [0x00000000f5580000,0x00000000f8600000,0x00000000f8600000)
  from space 13824K, 0% used [0x00000000f8600000,0x00000000f8600000,0x00000000f9380000)
  to   space 14848K, 0% used [0x00000000f9680000,0x00000000f9680000,0x00000000fa500000)
 ParOldGen       total 349696K, used 349695K [0x00000000e0000000, 0x00000000f5580000, 0x00000000f5580000)
  object space 349696K, 99% used [0x00000000e0000000,0x00000000f557ffe0,0x00000000f5580000)
 Metaspace       used 66039K, committed 67200K, reserved 1114112K
  class space    used 6204K, committed 6656K, reserved 1048576K
}
Event: 1611.052 GC heap after
{Heap after GC invocations=1162 (full 1040):
 PSYoungGen      total 64512K, used 49664K [0x00000000f5580000, 0x00000000fa500000, 0x0000000100000000)
  eden space 49664K, 100% used [0x00000000f5580000,0x00000000f8600000,0x00000000f8600000)
  from space 14848K, 0% used [0x00000000f9680000,0x00000000f9680000,0x00000000fa500000)
  to   space 13824K, 0% used [0x00000000f8600000,0x00000000f8600000,0x00000000f9380000)
 ParOldGen       total 349696K, used 349695K [0x00000000e0000000, 0x00000000f5580000, 0x00000000f5580000)
  object space 349696K, 99% used [0x00000000e0000000,0x00000000f557ffe0,0x00000000f5580000)
 Metaspace       used 66039K, committed 67200K, reserved 1114112K
  class space    used 6204K, committed 6656K, reserved 1048576K
}
Event: 1611.052 GC heap before
{Heap before GC invocations=1163 (full 1041):
 PSYoungGen      total 64512K, used 49664K [0x00000000f5580000, 0x00000000fa500000, 0x0000000100000000)
  eden space 49664K, 100% used [0x00000000f5580000,0x00000000f8600000,0x00000000f8600000)
  from space 14848K, 0% used [0x00000000f9680000,0x00000000f9680000,0x00000000fa500000)
  to   space 13824K, 0% used [0x00000000f8600000,0x00000000f8600000,0x00000000f9380000)
 ParOldGen       total 349696K, used 349695K [0x00000000e0000000, 0x00000000f5580000, 0x00000000f5580000)
  object space 349696K, 99% used [0x00000000e0000000,0x00000000f557fff8,0x00000000f5580000)
 Metaspace       used 66039K, committed 67200K, reserved 1114112K
  class space    used 6204K, committed 6656K, reserved 1048576K
}
Event: 1612.868 GC heap after
{Heap after GC invocations=1163 (full 1041):
 PSYoungGen      total 63488K, used 49663K [0x00000000f5580000, 0x00000000fa500000, 0x0000000100000000)
  eden space 49664K, 99% used [0x00000000f5580000,0x00000000f85fffd0,0x00000000f8600000)
  from space 13824K, 0% used [0x00000000f8600000,0x00000000f8600000,0x00000000f9380000)
  to   space 14848K, 0% used [0x00000000f9680000,0x00000000f9680000,0x00000000fa500000)
 ParOldGen       total 349696K, used 349693K [0x00000000e0000000, 0x00000000f5580000, 0x00000000f5580000)
  object space 349696K, 99% used [0x00000000e0000000,0x00000000f557f6e0,0x00000000f5580000)
 Metaspace       used 66039K, committed 67200K, reserved 1114112K
  class space    used 6204K, committed 6656K, reserved 1048576K
}
Event: 1612.875 GC heap before
{Heap before GC invocations=1164 (full 1042):
 PSYoungGen      total 63488K, used 49663K [0x00000000f5580000, 0x00000000fa500000, 0x0000000100000000)
  eden space 49664K, 99% used [0x00000000f5580000,0x00000000f85ffff0,0x00000000f8600000)
  from space 13824K, 0% used [0x00000000f8600000,0x00000000f8600000,0x00000000f9380000)
  to   space 14848K, 0% used [0x00000000f9680000,0x00000000f9680000,0x00000000fa500000)
 ParOldGen       total 349696K, used 349693K [0x00000000e0000000, 0x00000000f5580000, 0x00000000f5580000)
  object space 349696K, 99% used [0x00000000e0000000,0x00000000f557f6e0,0x00000000f5580000)
 Metaspace       used 66039K, committed 67200K, reserved 1114112K
  class space    used 6204K, committed 6656K, reserved 1048576K
}
Event: 1614.265 GC heap after
{Heap after GC invocations=1164 (full 1042):
 PSYoungGen      total 64512K, used 49663K [0x00000000f5580000, 0x00000000fa500000, 0x0000000100000000)
  eden space 49664K, 99% used [0x00000000f5580000,0x00000000f85ffff0,0x00000000f8600000)
  from space 14848K, 0% used [0x00000000f9680000,0x00000000f9680000,0x00000000fa500000)
  to   space 13824K, 0% used [0x00000000f8600000,0x00000000f8600000,0x00000000f9380000)
 ParOldGen       total 349696K, used 349693K [0x00000000e0000000, 0x00000000f5580000, 0x00000000f5580000)
  object space 349696K, 99% used [0x00000000e0000000,0x00000000f557f6e0,0x00000000f5580000)
 Metaspace       used 66039K, committed 67200K, reserved 1114112K
  class space    used 6204K, committed 6656K, reserved 1048576K
}
Event: 1614.266 GC heap before
{Heap before GC invocations=1165 (full 1043):
 PSYoungGen      total 64512K, used 49664K [0x00000000f5580000, 0x00000000fa500000, 0x0000000100000000)
  eden space 49664K, 100% used [0x00000000f5580000,0x00000000f8600000,0x00000000f8600000)
  from space 14848K, 0% used [0x00000000f9680000,0x00000000f9680000,0x00000000fa500000)
  to   space 13824K, 0% used [0x00000000f8600000,0x00000000f8600000,0x00000000f9380000)
 ParOldGen       total 349696K, used 349694K [0x00000000e0000000, 0x00000000f5580000, 0x00000000f5580000)
  object space 349696K, 99% used [0x00000000e0000000,0x00000000f557f998,0x00000000f5580000)
 Metaspace       used 66039K, committed 67200K, reserved 1114112K
  class space    used 6204K, committed 6656K, reserved 1048576K
}
Event: 1615.655 GC heap after
{Heap after GC invocations=1165 (full 1043):
 PSYoungGen      total 63488K, used 49663K [0x00000000f5580000, 0x00000000fa500000, 0x0000000100000000)
  eden space 49664K, 99% used [0x00000000f5580000,0x00000000f85fffd0,0x00000000f8600000)
  from space 13824K, 0% used [0x00000000f8600000,0x00000000f8600000,0x00000000f9380000)
  to   space 14848K, 0% used [0x00000000f9680000,0x00000000f9680000,0x00000000fa500000)
 ParOldGen       total 349696K, used 349693K [0x00000000e0000000, 0x00000000f5580000, 0x00000000f5580000)
  object space 349696K, 99% used [0x00000000e0000000,0x00000000f557f718,0x00000000f5580000)
 Metaspace       used 66039K, committed 67200K, reserved 1114112K
  class space    used 6204K, committed 6656K, reserved 1048576K
}
Event: 1615.655 GC heap before
{Heap before GC invocations=1166 (full 1044):
 PSYoungGen      total 63488K, used 49663K [0x00000000f5580000, 0x00000000fa500000, 0x0000000100000000)
  eden space 49664K, 99% used [0x00000000f5580000,0x00000000f85fffd0,0x00000000f8600000)
  from space 13824K, 0% used [0x00000000f8600000,0x00000000f8600000,0x00000000f9380000)
  to   space 14848K, 0% used [0x00000000f9680000,0x00000000f9680000,0x00000000fa500000)
 ParOldGen       total 349696K, used 349693K [0x00000000e0000000, 0x00000000f5580000, 0x00000000f5580000)
  object space 349696K, 99% used [0x00000000e0000000,0x00000000f557f718,0x00000000f5580000)
 Metaspace       used 66039K, committed 67200K, reserved 1114112K
  class space    used 6204K, committed 6656K, reserved 1048576K
}
Event: 1617.063 GC heap after
{Heap after GC invocations=1166 (full 1044):
 PSYoungGen      total 64512K, used 49663K [0x00000000f5580000, 0x00000000fa500000, 0x0000000100000000)
  eden space 49664K, 99% used [0x00000000f5580000,0x00000000f85fffd0,0x00000000f8600000)
  from space 14848K, 0% used [0x00000000f9680000,0x00000000f9680000,0x00000000fa500000)
  to   space 13824K, 0% used [0x00000000f8600000,0x00000000f8600000,0x00000000f9380000)
 ParOldGen       total 349696K, used 349693K [0x00000000e0000000, 0x00000000f5580000, 0x00000000f5580000)
  object space 349696K, 99% used [0x00000000e0000000,0x00000000f557f718,0x00000000f5580000)
 Metaspace       used 66039K, committed 67200K, reserved 1114112K
  class space    used 6204K, committed 6656K, reserved 1048576K
}

